0 info it worked if it ends with ok
1 verbose cli [ '/usr/local/bin/node', '/usr/local/bin/npm', 'install' ]
2 info using npm@1.4.28
3 info using node@v0.10.33
4 verbose readDependencies using package.json deps
5 verbose install where, deps [ '/Users/Vison/WebServer/wish',
5 verbose install   [ 'express',
5 verbose install     'body-parser',
5 verbose install     'cookie-parser',
5 verbose install     'morgan',
5 verbose install     'serve-favicon',
5 verbose install     'debug',
5 verbose install     'ejs' ] ]
6 info preinstall wish@0.0.0
7 verbose readDependencies using package.json deps
8 verbose already installed skipping morgan@~1.3.0 /Users/Vison/WebServer/wish
9 verbose already installed skipping serve-favicon@~2.1.3 /Users/Vison/WebServer/wish
10 verbose already installed skipping debug@~2.0.0 /Users/Vison/WebServer/wish
11 verbose cache add [ 'ejs@~0.8.5', null ]
12 verbose cache add name=undefined spec="ejs@~0.8.5" args=["ejs@~0.8.5",null]
13 verbose parsed url { protocol: null,
13 verbose parsed url   slashes: null,
13 verbose parsed url   auth: null,
13 verbose parsed url   host: null,
13 verbose parsed url   port: null,
13 verbose parsed url   hostname: null,
13 verbose parsed url   hash: null,
13 verbose parsed url   search: null,
13 verbose parsed url   query: null,
13 verbose parsed url   pathname: 'ejs@~0.8.5',
13 verbose parsed url   path: 'ejs@~0.8.5',
13 verbose parsed url   href: 'ejs@~0.8.5' }
14 verbose already installed skipping express@~4.9.0 /Users/Vison/WebServer/wish
15 verbose already installed skipping body-parser@~1.8.1 /Users/Vison/WebServer/wish
16 verbose cache add name="ejs" spec="~0.8.5" args=["ejs","~0.8.5"]
17 verbose parsed url { protocol: null,
17 verbose parsed url   slashes: null,
17 verbose parsed url   auth: null,
17 verbose parsed url   host: null,
17 verbose parsed url   port: null,
17 verbose parsed url   hostname: null,
17 verbose parsed url   hash: null,
17 verbose parsed url   search: null,
17 verbose parsed url   query: null,
17 verbose parsed url   pathname: '~0.8.5',
17 verbose parsed url   path: '~0.8.5',
17 verbose parsed url   href: '~0.8.5' }
18 verbose addNamed [ 'ejs', '~0.8.5' ]
19 verbose addNamed [ null, '>=0.8.5-0 <0.9.0-0' ]
20 silly lockFile 05610aaa-ejs-0-8-5 ejs@~0.8.5
21 verbose lock ejs@~0.8.5 /Users/Vison/.npm/05610aaa-ejs-0-8-5.lock
22 verbose already installed skipping cookie-parser@~1.3.3 /Users/Vison/WebServer/wish
23 silly addNameRange { name: 'ejs', range: '>=0.8.5-0 <0.9.0-0', hasData: false }
24 verbose request where is /ejs
25 verbose request registry https://registry.npmjs.org/
26 verbose request id 52320a73a6e58f01
27 verbose url raw /ejs
28 verbose url resolving [ 'https://registry.npmjs.org/', './ejs' ]
29 verbose url resolved https://registry.npmjs.org/ejs
30 verbose request where is https://registry.npmjs.org/ejs
31 info trying registry request attempt 1 at 12:40:34
32 verbose etag "DFS9PA0D97GJNWG4SMGBGXXH0"
33 http GET https://registry.npmjs.org/ejs
34 http 304 https://registry.npmjs.org/ejs
35 silly registry.get cb [ 304,
35 silly registry.get   { date: 'Fri, 05 Dec 2014 04:40:35 GMT',
35 silly registry.get     server: 'Apache',
35 silly registry.get     via: '1.1 varnish',
35 silly registry.get     'last-modified': 'Fri, 05 Dec 2014 04:40:35 GMT',
35 silly registry.get     'cache-control': 'max-age=60',
35 silly registry.get     etag: '"DFS9PA0D97GJNWG4SMGBGXXH0"',
35 silly registry.get     age: '0',
35 silly registry.get     'x-served-by': 'cache-sjc3127-SJC',
35 silly registry.get     'x-cache': 'HIT',
35 silly registry.get     'x-cache-hits': '1',
35 silly registry.get     'x-timer': 'S1417754435.640697,VS0,VE82',
35 silly registry.get     vary: 'Accept',
35 silly registry.get     'content-length': '0',
35 silly registry.get     'keep-alive': 'timeout=10, max=50',
35 silly registry.get     connection: 'Keep-Alive' } ]
36 verbose etag https://registry.npmjs.org/ejs from cache
37 silly addNameRange number 2 { name: 'ejs', range: '>=0.8.5-0 <0.9.0-0', hasData: true }
38 silly addNameRange versions [ 'ejs',
38 silly addNameRange   [ '0.0.1',
38 silly addNameRange     '0.0.2',
38 silly addNameRange     '0.0.3',
38 silly addNameRange     '0.0.4',
38 silly addNameRange     '0.1.0',
38 silly addNameRange     '0.2.0',
38 silly addNameRange     '0.2.1',
38 silly addNameRange     '0.3.0',
38 silly addNameRange     '0.3.1',
38 silly addNameRange     '0.4.0',
38 silly addNameRange     '0.4.1',
38 silly addNameRange     '0.4.2',
38 silly addNameRange     '0.4.3',
38 silly addNameRange     '0.5.0',
38 silly addNameRange     '0.6.0',
38 silly addNameRange     '0.6.1',
38 silly addNameRange     '0.7.0',
38 silly addNameRange     '0.7.1',
38 silly addNameRange     '0.7.2',
38 silly addNameRange     '0.8.0',
38 silly addNameRange     '0.8.1',
38 silly addNameRange     '0.8.2',
38 silly addNameRange     '0.8.3',
38 silly addNameRange     '0.8.4',
38 silly addNameRange     '0.8.5',
38 silly addNameRange     '0.8.6',
38 silly addNameRange     '0.8.8',
38 silly addNameRange     '1.0.0' ] ]
39 verbose addNamed [ 'ejs', '0.8.8' ]
40 verbose addNamed [ '0.8.8', '0.8.8' ]
41 silly lockFile 37d7c450-ejs-0-8-8 ejs@0.8.8
42 verbose lock ejs@0.8.8 /Users/Vison/.npm/37d7c450-ejs-0-8-8.lock
43 silly lockFile 7259a2c7-stry-npmjs-org-ejs-ejs-0-8-8-tgz https://registry.npmjs.org/ejs/-/ejs-0.8.8.tgz
44 verbose lock https://registry.npmjs.org/ejs/-/ejs-0.8.8.tgz /Users/Vison/.npm/7259a2c7-stry-npmjs-org-ejs-ejs-0-8-8-tgz.lock
45 verbose addRemoteTarball [ 'https://registry.npmjs.org/ejs/-/ejs-0.8.8.tgz',
45 verbose addRemoteTarball   'ffdc56dcc35d02926dd50ad13439bbc54061d598' ]
46 info retry fetch attempt 1 at 12:40:36
47 verbose fetch to= /var/folders/nf/6xggcsxn6nv7r0tybh_1qn_40000gn/T/npm-18423-0Uqkj_Ea/registry.npmjs.org/ejs/-/ejs-0.8.8.tgz
48 http GET https://registry.npmjs.org/ejs/-/ejs-0.8.8.tgz
49 http 200 https://registry.npmjs.org/ejs/-/ejs-0.8.8.tgz
50 silly lockFile 7259a2c7-stry-npmjs-org-ejs-ejs-0-8-8-tgz https://registry.npmjs.org/ejs/-/ejs-0.8.8.tgz
51 silly lockFile 7259a2c7-stry-npmjs-org-ejs-ejs-0-8-8-tgz https://registry.npmjs.org/ejs/-/ejs-0.8.8.tgz
52 silly lockFile 37d7c450-ejs-0-8-8 ejs@0.8.8
53 silly lockFile 37d7c450-ejs-0-8-8 ejs@0.8.8
54 silly lockFile 05610aaa-ejs-0-8-5 ejs@~0.8.5
55 silly lockFile 05610aaa-ejs-0-8-5 ejs@~0.8.5
56 error Error: EACCES, mkdir '/Users/Vison/.npm/ejs/0.8.8'
56 error  { [Error: EACCES, mkdir '/Users/Vison/.npm/ejs/0.8.8']
56 error   errno: 3,
56 error   code: 'EACCES',
56 error   path: '/Users/Vison/.npm/ejs/0.8.8',
56 error   parent: 'wish' }
57 error Please try running this command again as root/Administrator.
58 error System Darwin 14.0.0
59 error command "/usr/local/bin/node" "/usr/local/bin/npm" "install"
60 error cwd /Users/Vison/WebServer/wish
61 error node -v v0.10.33
62 error npm -v 1.4.28
63 error path /Users/Vison/.npm/ejs/0.8.8
64 error code EACCES
65 error errno 3
66 error stack Error: EACCES, mkdir '/Users/Vison/.npm/ejs/0.8.8'
67 verbose exit [ 3, true ]
